{"C:\\Users\\Administrator\\Desktop\\CODING\\AltSchool\\Scissors\\src\\firebaseConfig.ts": {"path":"C:\\Users\\Administrator\\Desktop\\CODING\\AltSchool\\Scissors\\src\\firebaseConfig.ts","statementMap":{"0":{"start":{"line":2,"column":0},"end":{"line":2,"column":45}},"1":{"start":{"line":3,"column":0},"end":{"line":3,"column":50}},"2":{"start":{"line":4,"column":0},"end":{"line":4,"column":40}},"3":{"start":{"line":5,"column":0},"end":{"line":5,"column":50}},"4":{"start":{"line":11,"column":23},"end":{"line":19,"column":2}},"5":{"start":{"line":24,"column":12},"end":{"line":24,"column":41}},"6":{"start":{"line":25,"column":18},"end":{"line":25,"column":35}},"7":{"start":{"line":29,"column":19},"end":{"line":29,"column":28}},"8":{"start":{"line":26,"column":13},"end":{"line":26,"column":25}},"9":{"start":{"line":29,"column":13},"end":{"line":29,"column":17}},"10":{"start":{"line":27,"column":11},"end":{"line":27,"column":28}},"11":{"start":{"line":29,"column":9},"end":{"line":29,"column":11}}},"fnMap":{},"branchMap":{},"s":{"0":1,"1":1,"2":1,"3":1,"4":1,"5":1,"6":1,"7":1,"8":1,"9":1,"10":1,"11":1},"f":{},"b":{}}
,"C:\\Users\\Administrator\\Desktop\\CODING\\AltSchool\\Scissors\\src\\services\\AnalysticsDashboard.tsx": {"path":"C:\\Users\\Administrator\\Desktop\\CODING\\AltSchool\\Scissors\\src\\services\\AnalysticsDashboard.tsx","statementMap":{"0":{"start":{"line":1,"column":0},"end":{"line":1,"column":44}},"1":{"start":{"line":2,"column":0},"end":{"line":2,"column":39}},"2":{"start":{"line":3,"column":0},"end":{"line":3,"column":53}},"3":{"start":{"line":4,"column":0},"end":{"line":4,"column":44}},"4":{"start":{"line":5,"column":0},"end":{"line":5,"column":48}},"5":{"start":{"line":7,"column":0},"end":{"line":7,"column":33}},"6":{"start":{"line":29,"column":62},"end":{"line":320,"column":1}},"7":{"start":{"line":30,"column":38},"end":{"line":30,"column":63}},"8":{"start":{"line":31,"column":42},"end":{"line":34,"column":4}},"9":{"start":{"line":35,"column":36},"end":{"line":36,"column":null}},"10":{"start":{"line":39,"column":2},"end":{"line":85,"column":19}},"11":{"start":{"line":40,"column":22},"end":{"line":82,"column":5}},"12":{"start":{"line":41,"column":6},"end":{"line":81,"column":7}},"13":{"start":{"line":42,"column":23},"end":{"line":42,"column":53}},"14":{"start":{"line":43,"column":28},"end":{"line":76,"column":10}},"15":{"start":{"line":44,"column":10},"end":{"line":75,"column":11}},"16":{"start":{"line":45,"column":25},"end":{"line":45,"column":66}},"17":{"start":{"line":46,"column":12},"end":{"line":46,"column":39}},"18":{"start":{"line":48,"column":35},"end":{"line":68,"column":null}},"19":{"start":{"line":51,"column":19},"end":{"line":51,"column":56}},"20":{"start":{"line":53,"column":16},"end":{"line":55,"column":17}},"21":{"start":{"line":54,"column":18},"end":{"line":54,"column":45}},"22":{"start":{"line":56,"column":16},"end":{"line":56,"column":41}},"23":{"start":{"line":58,"column":16},"end":{"line":60,"column":17}},"24":{"start":{"line":59,"column":18},"end":{"line":59,"column":39}},"25":{"start":{"line":61,"column":16},"end":{"line":61,"column":35}},"26":{"start":{"line":63,"column":16},"end":{"line":63,"column":27}},"27":{"start":{"line":71,"column":12},"end":{"line":71,"column":44}},"28":{"start":{"line":73,"column":12},"end":{"line":73,"column":73}},"29":{"start":{"line":74,"column":12},"end":{"line":74,"column":30}},"30":{"start":{"line":78,"column":8},"end":{"line":78,"column":35}},"31":{"start":{"line":78,"column":21},"end":{"line":78,"column":34}},"32":{"start":{"line":80,"column":8},"end":{"line":80,"column":68}},"33":{"start":{"line":84,"column":4},"end":{"line":84,"column":16}},"34":{"start":{"line":87,"column":29},"end":{"line":123,"column":null}},"35":{"start":{"line":89,"column":24},"end":{"line":89,"column":39}},"36":{"start":{"line":90,"column":28},"end":{"line":90,"column":66}},"37":{"start":{"line":92,"column":6},"end":{"line":119,"column":7}},"38":{"start":{"line":93,"column":25},"end":{"line":93,"column":66}},"39":{"start":{"line":95,"column":22},"end":{"line":95,"column":46}},"40":{"start":{"line":96,"column":29},"end":{"line":96,"column":56}},"41":{"start":{"line":97,"column":8},"end":{"line":97,"column":54}},"42":{"start":{"line":99,"column":25},"end":{"line":102,"column":10}},"43":{"start":{"line":104,"column":43},"end":{"line":104,"column":63}},"44":{"start":{"line":106,"column":22},"end":{"line":107,"column":null}},"45":{"start":{"line":107,"column":21},"end":{"line":107,"column":73}},"46":{"start":{"line":109,"column":8},"end":{"line":118,"column":9}},"47":{"start":{"line":110,"column":10},"end":{"line":110,"column":28}},"48":{"start":{"line":112,"column":10},"end":{"line":117,"column":11}},"49":{"start":{"line":113,"column":12},"end":{"line":113,"column":38}},"50":{"start":{"line":114,"column":12},"end":{"line":114,"column":29}},"51":{"start":{"line":116,"column":12},"end":{"line":116,"column":44}},"52":{"start":{"line":121,"column":6},"end":{"line":121,"column":17}},"53":{"start":{"line":126,"column":25},"end":{"line":136,"column":4}},"54":{"start":{"line":138,"column":25},"end":{"line":147,"column":null}},"55":{"start":{"line":140,"column":6},"end":{"line":144,"column":20}},"56":{"start":{"line":140,"column":27},"end":{"line":140,"column":36}},"57":{"start":{"line":141,"column":11},"end":{"line":144,"column":20}},"58":{"start":{"line":141,"column":44},"end":{"line":141,"column":53}},"59":{"start":{"line":142,"column":11},"end":{"line":144,"column":20}},"60":{"start":{"line":142,"column":50},"end":{"line":142,"column":59}},"61":{"start":{"line":143,"column":11},"end":{"line":144,"column":20}},"62":{"start":{"line":143,"column":52},"end":{"line":143,"column":61}},"63":{"start":{"line":144,"column":11},"end":{"line":144,"column":20}},"64":{"start":{"line":145,"column":6},"end":{"line":145,"column":17}},"65":{"start":{"line":150,"column":30},"end":{"line":152,"column":47}},"66":{"start":{"line":152,"column":38},"end":{"line":152,"column":43}},"67":{"start":{"line":153,"column":2},"end":{"line":155,"column":3}},"68":{"start":{"line":154,"column":4},"end":{"line":154,"column":28}},"69":{"start":{"line":156,"column":2},"end":{"line":158,"column":3}},"70":{"start":{"line":157,"column":4},"end":{"line":157,"column":26}},"71":{"start":{"line":160,"column":23},"end":{"line":175,"column":4}},"72":{"start":{"line":177,"column":2},"end":{"line":319,"column":4}},"73":{"start":{"line":207,"column":29},"end":{"line":207,"column":54}},"74":{"start":{"line":217,"column":29},"end":{"line":217,"column":51}},"75":{"start":{"line":244,"column":22},"end":{"line":244,"column":38}},"76":{"start":{"line":289,"column":22},"end":{"line":289,"column":38}},"77":{"start":{"line":322,"column":0},"end":{"line":322,"column":34}}},"fnMap":{"0":{"name":"(anonymous_0)","decl":{"start":{"line":29,"column":62},"end":{"line":29,"column":63}},"loc":{"start":{"line":29,"column":77},"end":{"line":320,"column":1}}},"1":{"name":"(anonymous_1)","decl":{"start":{"line":39,"column":12},"end":{"line":39,"column":15}},"loc":{"start":{"line":39,"column":17},"end":{"line":85,"column":3}}},"2":{"name":"(anonymous_2)","decl":{"start":{"line":40,"column":22},"end":{"line":40,"column":27}},"loc":{"start":{"line":40,"column":33},"end":{"line":82,"column":5}}},"3":{"name":"(anonymous_3)","decl":{"start":{"line":43,"column":47},"end":{"line":43,"column":48}},"loc":{"start":{"line":43,"column":59},"end":{"line":76,"column":9}}},"4":{"name":"(anonymous_4)","decl":{"start":{"line":49,"column":14},"end":{"line":49,"column":15}},"loc":{"start":{"line":49,"column":29},"end":{"line":64,"column":15}}},"5":{"name":"(anonymous_5)","decl":{"start":{"line":78,"column":15},"end":{"line":78,"column":18}},"loc":{"start":{"line":78,"column":21},"end":{"line":78,"column":34}}},"6":{"name":"(anonymous_6)","decl":{"start":{"line":88,"column":4},"end":{"line":88,"column":5}},"loc":{"start":{"line":88,"column":19},"end":{"line":122,"column":5}}},"7":{"name":"(anonymous_7)","decl":{"start":{"line":107,"column":10},"end":{"line":107,"column":11}},"loc":{"start":{"line":107,"column":21},"end":{"line":107,"column":73}}},"8":{"name":"(anonymous_8)","decl":{"start":{"line":139,"column":4},"end":{"line":139,"column":5}},"loc":{"start":{"line":139,"column":19},"end":{"line":146,"column":5}}},"9":{"name":"(anonymous_9)","decl":{"start":{"line":152,"column":12},"end":{"line":152,"column":13}},"loc":{"start":{"line":152,"column":38},"end":{"line":152,"column":43}}},"10":{"name":"(anonymous_10)","decl":{"start":{"line":207,"column":23},"end":{"line":207,"column":26}},"loc":{"start":{"line":207,"column":29},"end":{"line":207,"column":54}}},"11":{"name":"(anonymous_11)","decl":{"start":{"line":217,"column":23},"end":{"line":217,"column":26}},"loc":{"start":{"line":217,"column":29},"end":{"line":217,"column":51}}},"12":{"name":"(anonymous_12)","decl":{"start":{"line":243,"column":20},"end":{"line":243,"column":21}},"loc":{"start":{"line":244,"column":22},"end":{"line":244,"column":38}}},"13":{"name":"(anonymous_13)","decl":{"start":{"line":288,"column":20},"end":{"line":288,"column":21}},"loc":{"start":{"line":289,"column":22},"end":{"line":289,"column":38}}}},"branchMap":{"0":{"loc":{"start":{"line":44,"column":10},"end":{"line":75,"column":11}},"type":"if","locations":[{"start":{"line":44,"column":10},"end":{"line":75,"column":11}},{"start":{"line":72,"column":17},"end":{"line":75,"column":11}}]},"1":{"loc":{"start":{"line":50,"column":24},"end":{"line":50,"column":43}},"type":"default-arg","locations":[{"start":{"line":50,"column":34},"end":{"line":50,"column":43}}]},"2":{"loc":{"start":{"line":50,"column":45},"end":{"line":50,"column":61}},"type":"default-arg","locations":[{"start":{"line":50,"column":52},"end":{"line":50,"column":61}}]},"3":{"loc":{"start":{"line":51,"column":19},"end":{"line":51,"column":56}},"type":"binary-expr","locations":[{"start":{"line":51,"column":19},"end":{"line":51,"column":50}},{"start":{"line":51,"column":54},"end":{"line":51,"column":56}}]},"4":{"loc":{"start":{"line":53,"column":16},"end":{"line":55,"column":17}},"type":"if","locations":[{"start":{"line":53,"column":16},"end":{"line":55,"column":17}}]},"5":{"loc":{"start":{"line":58,"column":16},"end":{"line":60,"column":17}},"type":"if","locations":[{"start":{"line":58,"column":16},"end":{"line":60,"column":17}}]},"6":{"loc":{"start":{"line":90,"column":28},"end":{"line":90,"column":66}},"type":"cond-expr","locations":[{"start":{"line":90,"column":40},"end":{"line":90,"column":59}},{"start":{"line":90,"column":62},"end":{"line":90,"column":66}}]},"7":{"loc":{"start":{"line":92,"column":6},"end":{"line":119,"column":7}},"type":"if","locations":[{"start":{"line":92,"column":6},"end":{"line":119,"column":7}}]},"8":{"loc":{"start":{"line":92,"column":10},"end":{"line":92,"column":58}},"type":"binary-expr","locations":[{"start":{"line":92,"column":10},"end":{"line":92,"column":23}},{"start":{"line":92,"column":27},"end":{"line":92,"column":58}}]},"9":{"loc":{"start":{"line":107,"column":21},"end":{"line":107,"column":73}},"type":"binary-expr","locations":[{"start":{"line":107,"column":21},"end":{"line":107,"column":45}},{"start":{"line":107,"column":49},"end":{"line":107,"column":73}}]},"10":{"loc":{"start":{"line":109,"column":8},"end":{"line":118,"column":9}},"type":"if","locations":[{"start":{"line":109,"column":8},"end":{"line":118,"column":9}},{"start":{"line":111,"column":15},"end":{"line":118,"column":9}}]},"11":{"loc":{"start":{"line":112,"column":10},"end":{"line":117,"column":11}},"type":"if","locations":[{"start":{"line":112,"column":10},"end":{"line":117,"column":11}},{"start":{"line":115,"column":17},"end":{"line":117,"column":11}}]},"12":{"loc":{"start":{"line":140,"column":6},"end":{"line":144,"column":20}},"type":"if","locations":[{"start":{"line":140,"column":6},"end":{"line":144,"column":20}},{"start":{"line":141,"column":11},"end":{"line":144,"column":20}}]},"13":{"loc":{"start":{"line":141,"column":11},"end":{"line":144,"column":20}},"type":"if","locations":[{"start":{"line":141,"column":11},"end":{"line":144,"column":20}},{"start":{"line":142,"column":11},"end":{"line":144,"column":20}}]},"14":{"loc":{"start":{"line":142,"column":11},"end":{"line":144,"column":20}},"type":"if","locations":[{"start":{"line":142,"column":11},"end":{"line":144,"column":20}},{"start":{"line":143,"column":11},"end":{"line":144,"column":20}}]},"15":{"loc":{"start":{"line":143,"column":11},"end":{"line":144,"column":20}},"type":"if","locations":[{"start":{"line":143,"column":11},"end":{"line":144,"column":20}},{"start":{"line":144,"column":11},"end":{"line":144,"column":20}}]},"16":{"loc":{"start":{"line":153,"column":2},"end":{"line":155,"column":3}},"type":"if","locations":[{"start":{"line":153,"column":2},"end":{"line":155,"column":3}}]},"17":{"loc":{"start":{"line":156,"column":2},"end":{"line":158,"column":3}},"type":"if","locations":[{"start":{"line":156,"column":2},"end":{"line":158,"column":3}}]},"18":{"loc":{"start":{"line":203,"column":16},"end":{"line":205,"column":null}},"type":"cond-expr","locations":[{"start":{"line":204,"column":20},"end":{"line":204,"column":81}},{"start":{"line":205,"column":20},"end":{"line":205,"column":null}}]},"19":{"loc":{"start":{"line":213,"column":16},"end":{"line":215,"column":null}},"type":"cond-expr","locations":[{"start":{"line":214,"column":20},"end":{"line":214,"column":81}},{"start":{"line":215,"column":20},"end":{"line":215,"column":null}}]},"20":{"loc":{"start":{"line":225,"column":11},"end":{"line":314,"column":null}},"type":"cond-expr","locations":[{"start":{"line":226,"column":12},"end":{"line":268,"column":null}},{"start":{"line":271,"column":12},"end":{"line":313,"column":null}}]},"21":{"loc":{"start":{"line":240,"column":15},"end":{"line":267,"column":null}},"type":"cond-expr","locations":[{"start":{"line":241,"column":16},"end":{"line":252,"column":null}},{"start":{"line":255,"column":16},"end":{"line":266,"column":null}}]},"22":{"loc":{"start":{"line":285,"column":15},"end":{"line":312,"column":null}},"type":"cond-expr","locations":[{"start":{"line":286,"column":16},"end":{"line":297,"column":null}},{"start":{"line":300,"column":16},"end":{"line":311,"column":null}}]}},"s":{"0":1,"1":1,"2":1,"3":1,"4":1,"5":1,"6":1,"7":10,"8":10,"9":10,"10":10,"11":5,"12":5,"13":5,"14":5,"15":5,"16":5,"17":5,"18":5,"19":3,"20":3,"21":3,"22":3,"23":3,"24":3,"25":3,"26":3,"27":5,"28":0,"29":0,"30":5,"31":0,"32":0,"33":5,"34":10,"35":3,"36":3,"37":3,"38":3,"39":3,"40":3,"41":3,"42":3,"43":3,"44":3,"45":0,"46":3,"47":0,"48":3,"49":3,"50":3,"51":0,"52":3,"53":10,"54":10,"55":3,"56":0,"57":3,"58":0,"59":3,"60":3,"61":0,"62":0,"63":0,"64":3,"65":10,"66":40,"67":10,"68":7,"69":10,"70":3,"71":10,"72":10,"73":0,"74":0,"75":3,"76":0,"77":1},"f":{"0":10,"1":5,"2":5,"3":5,"4":3,"5":0,"6":3,"7":0,"8":3,"9":40,"10":0,"11":0,"12":3,"13":0},"b":{"0":[5,0],"1":[0],"2":[0],"3":[3,0],"4":[3],"5":[3],"6":[3,0],"7":[3],"8":[3,3],"9":[0,0],"10":[0,3],"11":[3,0],"12":[0,3],"13":[0,3],"14":[3,0],"15":[0,0],"16":[7],"17":[3],"18":[10,0],"19":[0,10],"20":[10,0],"21":[3,7],"22":[0,0]}}
,"C:\\Users\\Administrator\\Desktop\\CODING\\AltSchool\\Scissors\\src\\services\\ProfileDetails.tsx": {"path":"C:\\Users\\Administrator\\Desktop\\CODING\\AltSchool\\Scissors\\src\\services\\ProfileDetails.tsx","statementMap":{"0":{"start":{"line":1,"column":0},"end":{"line":1,"column":51}},"1":{"start":{"line":2,"column":0},"end":{"line":2,"column":40}},"2":{"start":{"line":3,"column":0},"end":{"line":3,"column":46}},"3":{"start":{"line":30,"column":40},"end":{"line":251,"column":1}},"4":{"start":{"line":31,"column":26},"end":{"line":31,"column":53}},"5":{"start":{"line":32,"column":28},"end":{"line":32,"column":48}},"6":{"start":{"line":33,"column":38},"end":{"line":33,"column":53}},"7":{"start":{"line":34,"column":42},"end":{"line":34,"column":57}},"8":{"start":{"line":36,"column":2},"end":{"line":42,"column":9}},"9":{"start":{"line":37,"column":23},"end":{"line":37,"column":51}},"10":{"start":{"line":38,"column":4},"end":{"line":41,"column":5}},"11":{"start":{"line":39,"column":6},"end":{"line":39,"column":26}},"12":{"start":{"line":40,"column":6},"end":{"line":40,"column":22}},"13":{"start":{"line":44,"column":30},"end":{"line":49,"column":3}},"14":{"start":{"line":45,"column":4},"end":{"line":45,"column":36}},"15":{"start":{"line":46,"column":4},"end":{"line":46,"column":25}},"16":{"start":{"line":47,"column":4},"end":{"line":47,"column":18}},"17":{"start":{"line":48,"column":4},"end":{"line":48,"column":20}},"18":{"start":{"line":50,"column":24},"end":{"line":61,"column":3}},"19":{"start":{"line":51,"column":4},"end":{"line":60,"column":5}},"20":{"start":{"line":52,"column":29},"end":{"line":52,"column":57}},"21":{"start":{"line":53,"column":6},"end":{"line":57,"column":7}},"22":{"start":{"line":54,"column":27},"end":{"line":54,"column":53}},"23":{"start":{"line":55,"column":8},"end":{"line":55,"column":28}},"24":{"start":{"line":56,"column":8},"end":{"line":56,"column":34}},"25":{"start":{"line":59,"column":6},"end":{"line":59,"column":56}},"26":{"start":{"line":63,"column":21},"end":{"line":82,"column":3}},"27":{"start":{"line":64,"column":4},"end":{"line":64,"column":26}},"28":{"start":{"line":65,"column":4},"end":{"line":81,"column":5}},"29":{"start":{"line":66,"column":23},"end":{"line":73,"column":null}},"30":{"start":{"line":75,"column":19},"end":{"line":75,"column":40}},"31":{"start":{"line":76,"column":6},"end":{"line":76,"column":21}},"32":{"start":{"line":78,"column":6},"end":{"line":78,"column":52}},"33":{"start":{"line":80,"column":6},"end":{"line":80,"column":29}},"34":{"start":{"line":84,"column":2},"end":{"line":86,"column":3}},"35":{"start":{"line":85,"column":4},"end":{"line":85,"column":33}},"36":{"start":{"line":88,"column":2},"end":{"line":250,"column":4}},"37":{"start":{"line":173,"column":26},"end":{"line":174,"column":57}},"38":{"start":{"line":177,"column":24},"end":{"line":178,"column":null}},"39":{"start":{"line":253,"column":0},"end":{"line":253,"column":23}}},"fnMap":{"0":{"name":"(anonymous_0)","decl":{"start":{"line":30,"column":40},"end":{"line":30,"column":41}},"loc":{"start":{"line":30,"column":56},"end":{"line":251,"column":1}}},"1":{"name":"(anonymous_1)","decl":{"start":{"line":36,"column":12},"end":{"line":36,"column":15}},"loc":{"start":{"line":36,"column":17},"end":{"line":42,"column":3}}},"2":{"name":"(anonymous_2)","decl":{"start":{"line":44,"column":30},"end":{"line":44,"column":33}},"loc":{"start":{"line":44,"column":35},"end":{"line":49,"column":3}}},"3":{"name":"(anonymous_3)","decl":{"start":{"line":50,"column":24},"end":{"line":50,"column":29}},"loc":{"start":{"line":50,"column":35},"end":{"line":61,"column":3}}},"4":{"name":"(anonymous_4)","decl":{"start":{"line":63,"column":21},"end":{"line":63,"column":26}},"loc":{"start":{"line":63,"column":46},"end":{"line":82,"column":3}}},"5":{"name":"(anonymous_5)","decl":{"start":{"line":172,"column":24},"end":{"line":172,"column":25}},"loc":{"start":{"line":173,"column":26},"end":{"line":174,"column":57}}},"6":{"name":"(anonymous_6)","decl":{"start":{"line":176,"column":27},"end":{"line":176,"column":28}},"loc":{"start":{"line":177,"column":24},"end":{"line":178,"column":null}}}},"branchMap":{"0":{"loc":{"start":{"line":38,"column":4},"end":{"line":41,"column":5}},"type":"if","locations":[{"start":{"line":38,"column":4},"end":{"line":41,"column":5}}]},"1":{"loc":{"start":{"line":53,"column":6},"end":{"line":57,"column":7}},"type":"if","locations":[{"start":{"line":53,"column":6},"end":{"line":57,"column":7}}]},"2":{"loc":{"start":{"line":84,"column":2},"end":{"line":86,"column":3}},"type":"if","locations":[{"start":{"line":84,"column":2},"end":{"line":86,"column":3}}]},"3":{"loc":{"start":{"line":95,"column":9},"end":{"line":246,"column":null}},"type":"cond-expr","locations":[{"start":{"line":96,"column":10},"end":{"line":219,"column":null}},{"start":{"line":222,"column":10},"end":{"line":245,"column":null}}]},"4":{"loc":{"start":{"line":161,"column":17},"end":{"line":209,"column":null}},"type":"cond-expr","locations":[{"start":{"line":162,"column":18},"end":{"line":164,"column":null}},{"start":{"line":168,"column":20},"end":{"line":209,"column":null}}]},"5":{"loc":{"start":{"line":168,"column":20},"end":{"line":209,"column":null}},"type":"cond-expr","locations":[{"start":{"line":169,"column":18},"end":{"line":194,"column":null}},{"start":{"line":197,"column":18},"end":{"line":208,"column":null}}]}},"s":{"0":1,"1":1,"2":1,"3":1,"4":5,"5":5,"6":5,"7":5,"8":5,"9":3,"10":3,"11":1,"12":1,"13":5,"14":1,"15":1,"16":1,"17":1,"18":5,"19":1,"20":1,"21":1,"22":1,"23":1,"24":1,"25":0,"26":5,"27":1,"28":1,"29":1,"30":1,"31":1,"32":0,"33":1,"34":5,"35":0,"36":5,"37":0,"38":0,"39":1},"f":{"0":5,"1":3,"2":1,"3":1,"4":1,"5":0,"6":0},"b":{"0":[1],"1":[1],"2":[0],"3":[2,3],"4":[1,1],"5":[0,1]}}
,"C:\\Users\\Administrator\\Desktop\\CODING\\AltSchool\\Scissors\\src\\services\\QrCodeGenerator.tsx": {"path":"C:\\Users\\Administrator\\Desktop\\CODING\\AltSchool\\Scissors\\src\\services\\QrCodeGenerator.tsx","statementMap":{"0":{"start":{"line":1,"column":0},"end":{"line":1,"column":48}},"1":{"start":{"line":2,"column":0},"end":{"line":2,"column":34}},"2":{"start":{"line":3,"column":0},"end":{"line":3,"column":38}},"3":{"start":{"line":5,"column":34},"end":{"line":96,"column":1}},"4":{"start":{"line":6,"column":24},"end":{"line":6,"column":36}},"5":{"start":{"line":7,"column":26},"end":{"line":7,"column":55}},"6":{"start":{"line":8,"column":48},"end":{"line":8,"column":77}},"7":{"start":{"line":9,"column":32},"end":{"line":9,"column":47}},"8":{"start":{"line":10,"column":16},"end":{"line":10,"column":44}},"9":{"start":{"line":12,"column":26},"end":{"line":14,"column":3}},"10":{"start":{"line":13,"column":4},"end":{"line":13,"column":31}},"11":{"start":{"line":16,"column":27},"end":{"line":26,"column":3}},"12":{"start":{"line":17,"column":4},"end":{"line":25,"column":5}},"13":{"start":{"line":18,"column":21},"end":{"line":18,"column":37}},"14":{"start":{"line":19,"column":6},"end":{"line":23,"column":8}},"15":{"start":{"line":20,"column":8},"end":{"line":22,"column":9}},"16":{"start":{"line":21,"column":10},"end":{"line":21,"column":43}},"17":{"start":{"line":24,"column":6},"end":{"line":24,"column":50}},"18":{"start":{"line":28,"column":31},"end":{"line":41,"column":3}},"19":{"start":{"line":29,"column":4},"end":{"line":40,"column":5}},"20":{"start":{"line":30,"column":6},"end":{"line":39,"column":7}},"21":{"start":{"line":31,"column":8},"end":{"line":31,"column":25}},"22":{"start":{"line":32,"column":23},"end":{"line":32,"column":55}},"23":{"start":{"line":33,"column":24},"end":{"line":33,"column":53}},"24":{"start":{"line":34,"column":8},"end":{"line":34,"column":36}},"25":{"start":{"line":35,"column":8},"end":{"line":35,"column":26}},"26":{"start":{"line":37,"column":8},"end":{"line":37,"column":63}},"27":{"start":{"line":38,"column":8},"end":{"line":38,"column":26}},"28":{"start":{"line":43,"column":31},"end":{"line":50,"column":3}},"29":{"start":{"line":44,"column":4},"end":{"line":49,"column":5}},"30":{"start":{"line":45,"column":19},"end":{"line":45,"column":46}},"31":{"start":{"line":46,"column":6},"end":{"line":46,"column":34}},"32":{"start":{"line":47,"column":6},"end":{"line":47,"column":36}},"33":{"start":{"line":48,"column":6},"end":{"line":48,"column":19}},"34":{"start":{"line":52,"column":2},"end":{"line":95,"column":4}},"35":{"start":{"line":98,"column":0},"end":{"line":98,"column":31}}},"fnMap":{"0":{"name":"(anonymous_1)","decl":{"start":{"line":5,"column":34},"end":{"line":5,"column":37}},"loc":{"start":{"line":5,"column":39},"end":{"line":96,"column":1}}},"1":{"name":"(anonymous_2)","decl":{"start":{"line":12,"column":26},"end":{"line":12,"column":27}},"loc":{"start":{"line":12,"column":73},"end":{"line":14,"column":3}}},"2":{"name":"(anonymous_3)","decl":{"start":{"line":16,"column":27},"end":{"line":16,"column":28}},"loc":{"start":{"line":16,"column":74},"end":{"line":26,"column":3}}},"3":{"name":"(anonymous_4)","decl":{"start":{"line":19,"column":22},"end":{"line":19,"column":25}},"loc":{"start":{"line":19,"column":27},"end":{"line":23,"column":7}}},"4":{"name":"(anonymous_5)","decl":{"start":{"line":28,"column":31},"end":{"line":28,"column":36}},"loc":{"start":{"line":28,"column":42},"end":{"line":41,"column":3}}},"5":{"name":"(anonymous_6)","decl":{"start":{"line":43,"column":31},"end":{"line":43,"column":34}},"loc":{"start":{"line":43,"column":36},"end":{"line":50,"column":3}}}},"branchMap":{"0":{"loc":{"start":{"line":17,"column":4},"end":{"line":25,"column":5}},"type":"if","locations":[{"start":{"line":17,"column":4},"end":{"line":25,"column":5}}]},"1":{"loc":{"start":{"line":17,"column":8},"end":{"line":17,"column":51}},"type":"binary-expr","locations":[{"start":{"line":17,"column":8},"end":{"line":17,"column":26}},{"start":{"line":17,"column":30},"end":{"line":17,"column":51}}]},"2":{"loc":{"start":{"line":20,"column":8},"end":{"line":22,"column":9}},"type":"if","locations":[{"start":{"line":20,"column":8},"end":{"line":22,"column":9}}]},"3":{"loc":{"start":{"line":29,"column":4},"end":{"line":40,"column":5}},"type":"if","locations":[{"start":{"line":29,"column":4},"end":{"line":40,"column":5}}]},"4":{"loc":{"start":{"line":44,"column":4},"end":{"line":49,"column":5}},"type":"if","locations":[{"start":{"line":44,"column":4},"end":{"line":49,"column":5}}]},"5":{"loc":{"start":{"line":69,"column":17},"end":{"line":69,"column":46}},"type":"binary-expr","locations":[{"start":{"line":69,"column":17},"end":{"line":69,"column":20}},{"start":{"line":69,"column":24},"end":{"line":69,"column":46}}]},"6":{"loc":{"start":{"line":75,"column":12},"end":{"line":84,"column":25}},"type":"cond-expr","locations":[{"start":{"line":76,"column":16},"end":{"line":83,"column":null}},{"start":{"line":84,"column":16},"end":{"line":84,"column":25}}]},"7":{"loc":{"start":{"line":89,"column":9},"end":{"line":89,"column":55}},"type":"cond-expr","locations":[{"start":{"line":89,"column":19},"end":{"line":89,"column":34}},{"start":{"line":89,"column":37},"end":{"line":89,"column":55}}]},"8":{"loc":{"start":{"line":91,"column":7},"end":{"line":92,"column":null}},"type":"binary-expr","locations":[{"start":{"line":91,"column":7},"end":{"line":91,"column":22}},{"start":{"line":92,"column":8},"end":{"line":92,"column":72}}]}},"s":{"0":1,"1":1,"2":1,"3":1,"4":6,"5":6,"6":6,"7":6,"8":6,"9":6,"10":1,"11":6,"12":1,"13":1,"14":1,"15":1,"16":1,"17":1,"18":6,"19":1,"20":1,"21":1,"22":1,"23":1,"24":1,"25":1,"26":0,"27":0,"28":6,"29":1,"30":1,"31":1,"32":1,"33":1,"34":6,"35":1},"f":{"0":6,"1":1,"2":1,"3":1,"4":1,"5":1},"b":{"0":[1],"1":[1,1],"2":[1],"3":[1],"4":[1],"5":[6,3],"6":[0,6],"7":[1,5],"8":[6,1]}}
,"C:\\Users\\Administrator\\Desktop\\CODING\\AltSchool\\Scissors\\src\\services\\ShortUrl.tsx": {"path":"C:\\Users\\Administrator\\Desktop\\CODING\\AltSchool\\Scissors\\src\\services\\ShortUrl.tsx","statementMap":{"0":{"start":{"line":1,"column":29},"end":{"line":10,"column":1}},"1":{"start":{"line":3,"column":4},"end":{"line":3,"column":68}},"2":{"start":{"line":4,"column":15},"end":{"line":4,"column":17}},"3":{"start":{"line":5,"column":2},"end":{"line":8,"column":3}},"4":{"start":{"line":5,"column":15},"end":{"line":5,"column":16}},"5":{"start":{"line":6,"column":24},"end":{"line":6,"column":69}},"6":{"start":{"line":7,"column":4},"end":{"line":7,"column":38}},"7":{"start":{"line":9,"column":2},"end":{"line":9,"column":16}},"8":{"start":{"line":12,"column":13},"end":{"line":12,"column":52}},"9":{"start":{"line":14,"column":26},"end":{"line":31,"column":1}},"10":{"start":{"line":15,"column":24},"end":{"line":15,"column":81}},"11":{"start":{"line":17,"column":19},"end":{"line":23,"column":null}},"12":{"start":{"line":26,"column":2},"end":{"line":28,"column":3}},"13":{"start":{"line":27,"column":4},"end":{"line":27,"column":45}},"14":{"start":{"line":30,"column":2},"end":{"line":30,"column":23}},"15":{"start":{"line":14,"column":13},"end":{"line":14,"column":26}}},"fnMap":{"0":{"name":"(anonymous_0)","decl":{"start":{"line":1,"column":29},"end":{"line":1,"column":30}},"loc":{"start":{"line":1,"column":56},"end":{"line":10,"column":1}}},"1":{"name":"(anonymous_1)","decl":{"start":{"line":14,"column":26},"end":{"line":14,"column":31}},"loc":{"start":{"line":14,"column":69},"end":{"line":31,"column":1}}}},"branchMap":{"0":{"loc":{"start":{"line":26,"column":2},"end":{"line":28,"column":3}},"type":"if","locations":[{"start":{"line":26,"column":2},"end":{"line":28,"column":3}}]}},"s":{"0":1,"1":1,"2":1,"3":1,"4":1,"5":7,"6":7,"7":1,"8":1,"9":1,"10":2,"11":2,"12":2,"13":1,"14":1,"15":1},"f":{"0":1,"1":2},"b":{"0":[1]}}
,"C:\\Users\\Administrator\\Desktop\\CODING\\AltSchool\\Scissors\\src\\services\\useCustomDomains.tsx": {"path":"C:\\Users\\Administrator\\Desktop\\CODING\\AltSchool\\Scissors\\src\\services\\useCustomDomains.tsx","statementMap":{"0":{"start":{"line":1,"column":0},"end":{"line":1,"column":44}},"1":{"start":{"line":2,"column":0},"end":{"line":2,"column":26}},"2":{"start":{"line":4,"column":25},"end":{"line":36,"column":1}},"3":{"start":{"line":5,"column":32},"end":{"line":5,"column":66}},"4":{"start":{"line":6,"column":32},"end":{"line":6,"column":55}},"5":{"start":{"line":8,"column":2},"end":{"line":24,"column":9}},"6":{"start":{"line":9,"column":23},"end":{"line":22,"column":5}},"7":{"start":{"line":10,"column":6},"end":{"line":21,"column":7}},"8":{"start":{"line":11,"column":25},"end":{"line":12,"column":null}},"9":{"start":{"line":14,"column":8},"end":{"line":16,"column":9}},"10":{"start":{"line":15,"column":10},"end":{"line":15,"column":44}},"11":{"start":{"line":18,"column":8},"end":{"line":18,"column":56}},"12":{"start":{"line":20,"column":8},"end":{"line":20,"column":26}},"13":{"start":{"line":23,"column":4},"end":{"line":23,"column":17}},"14":{"start":{"line":26,"column":34},"end":{"line":30,"column":3}},"15":{"start":{"line":27,"column":4},"end":{"line":27,"column":30}},"16":{"start":{"line":27,"column":17},"end":{"line":27,"column":30}},"17":{"start":{"line":28,"column":28},"end":{"line":28,"column":62}},"18":{"start":{"line":29,"column":4},"end":{"line":29,"column":62}},"19":{"start":{"line":29,"column":32},"end":{"line":29,"column":60}},"20":{"start":{"line":32,"column":2},"end":{"line":35,"column":4}},"21":{"start":{"line":38,"column":0},"end":{"line":38,"column":32}}},"fnMap":{"0":{"name":"(anonymous_1)","decl":{"start":{"line":4,"column":25},"end":{"line":4,"column":28}},"loc":{"start":{"line":4,"column":30},"end":{"line":36,"column":1}}},"1":{"name":"(anonymous_2)","decl":{"start":{"line":8,"column":12},"end":{"line":8,"column":15}},"loc":{"start":{"line":8,"column":17},"end":{"line":24,"column":3}}},"2":{"name":"(anonymous_3)","decl":{"start":{"line":9,"column":23},"end":{"line":9,"column":28}},"loc":{"start":{"line":9,"column":34},"end":{"line":22,"column":5}}},"3":{"name":"(anonymous_4)","decl":{"start":{"line":26,"column":34},"end":{"line":26,"column":35}},"loc":{"start":{"line":26,"column":53},"end":{"line":30,"column":3}}},"4":{"name":"(anonymous_5)","decl":{"start":{"line":29,"column":25},"end":{"line":29,"column":26}},"loc":{"start":{"line":29,"column":32},"end":{"line":29,"column":60}}}},"branchMap":{"0":{"loc":{"start":{"line":14,"column":8},"end":{"line":16,"column":9}},"type":"if","locations":[{"start":{"line":14,"column":8},"end":{"line":16,"column":9}}]},"1":{"loc":{"start":{"line":27,"column":4},"end":{"line":27,"column":30}},"type":"if","locations":[{"start":{"line":27,"column":4},"end":{"line":27,"column":30}}]}},"s":{"0":1,"1":1,"2":1,"3":11,"4":11,"5":11,"6":4,"7":4,"8":4,"9":3,"10":3,"11":1,"12":4,"13":4,"14":11,"15":5,"16":0,"17":5,"18":5,"19":6,"20":11,"21":1},"f":{"0":11,"1":4,"2":4,"3":5,"4":6},"b":{"0":[3],"1":[0]}}
}
