TN:
SF:src\firebaseConfig.ts
FNF:0
FNH:0
DA:2,1
DA:3,1
DA:4,1
DA:5,1
DA:11,1
DA:24,1
DA:25,1
DA:26,1
DA:27,1
DA:29,1
LF:10
LH:10
BRF:0
BRH:0
end_of_record
TN:
SF:src\services\AnalysticsDashboard.tsx
FN:29,(anonymous_0)
FN:39,(anonymous_1)
FN:40,(anonymous_2)
FN:43,(anonymous_3)
FN:49,(anonymous_4)
FN:78,(anonymous_5)
FN:88,(anonymous_6)
FN:107,(anonymous_7)
FN:139,(anonymous_8)
FN:152,(anonymous_9)
FN:207,(anonymous_10)
FN:217,(anonymous_11)
FN:243,(anonymous_12)
FN:288,(anonymous_13)
FNF:14
FNH:9
FNDA:10,(anonymous_0)
FNDA:5,(anonymous_1)
FNDA:5,(anonymous_2)
FNDA:5,(anonymous_3)
FNDA:3,(anonymous_4)
FNDA:0,(anonymous_5)
FNDA:3,(anonymous_6)
FNDA:0,(anonymous_7)
FNDA:3,(anonymous_8)
FNDA:40,(anonymous_9)
FNDA:0,(anonymous_10)
FNDA:0,(anonymous_11)
FNDA:3,(anonymous_12)
FNDA:0,(anonymous_13)
DA:1,1
DA:2,1
DA:3,1
DA:4,1
DA:5,1
DA:7,1
DA:29,1
DA:30,10
DA:31,10
DA:35,10
DA:39,10
DA:40,5
DA:41,5
DA:42,5
DA:43,5
DA:44,5
DA:45,5
DA:46,5
DA:48,5
DA:51,3
DA:53,3
DA:54,3
DA:56,3
DA:58,3
DA:59,3
DA:61,3
DA:63,3
DA:71,5
DA:73,0
DA:74,0
DA:78,5
DA:80,0
DA:84,5
DA:87,10
DA:89,3
DA:90,3
DA:92,3
DA:93,3
DA:95,3
DA:96,3
DA:97,3
DA:99,3
DA:104,3
DA:106,3
DA:107,0
DA:109,3
DA:110,0
DA:112,3
DA:113,3
DA:114,3
DA:116,0
DA:121,3
DA:126,10
DA:138,10
DA:140,3
DA:141,3
DA:142,3
DA:143,0
DA:144,0
DA:145,3
DA:150,10
DA:152,40
DA:153,10
DA:154,7
DA:156,10
DA:157,3
DA:160,10
DA:177,10
DA:207,0
DA:217,0
DA:244,3
DA:289,0
DA:322,1
LF:73
LH:62
BRDA:44,0,0,5
BRDA:44,0,1,0
BRDA:50,1,0,0
BRDA:50,2,0,0
BRDA:51,3,0,3
BRDA:51,3,1,0
BRDA:53,4,0,3
BRDA:58,5,0,3
BRDA:90,6,0,3
BRDA:90,6,1,0
BRDA:92,7,0,3
BRDA:92,8,0,3
BRDA:92,8,1,3
BRDA:107,9,0,0
BRDA:107,9,1,0
BRDA:109,10,0,0
BRDA:109,10,1,3
BRDA:112,11,0,3
BRDA:112,11,1,0
BRDA:140,12,0,0
BRDA:140,12,1,3
BRDA:141,13,0,0
BRDA:141,13,1,3
BRDA:142,14,0,3
BRDA:142,14,1,0
BRDA:143,15,0,0
BRDA:143,15,1,0
BRDA:153,16,0,7
BRDA:156,17,0,3
BRDA:203,18,0,10
BRDA:203,18,1,0
BRDA:213,19,0,0
BRDA:213,19,1,10
BRDA:225,20,0,10
BRDA:225,20,1,0
BRDA:240,21,0,3
BRDA:240,21,1,7
BRDA:285,22,0,0
BRDA:285,22,1,0
BRF:39
BRH:20
end_of_record
TN:
SF:src\services\ProfileDetails.tsx
FN:30,(anonymous_0)
FN:36,(anonymous_1)
FN:44,(anonymous_2)
FN:50,(anonymous_3)
FN:63,(anonymous_4)
FN:172,(anonymous_5)
FN:176,(anonymous_6)
FNF:7
FNH:5
FNDA:5,(anonymous_0)
FNDA:3,(anonymous_1)
FNDA:1,(anonymous_2)
FNDA:1,(anonymous_3)
FNDA:1,(anonymous_4)
FNDA:0,(anonymous_5)
FNDA:0,(anonymous_6)
DA:1,1
DA:2,1
DA:3,1
DA:30,1
DA:31,5
DA:32,5
DA:33,5
DA:34,5
DA:36,5
DA:37,3
DA:38,3
DA:39,1
DA:40,1
DA:44,5
DA:45,1
DA:46,1
DA:47,1
DA:48,1
DA:50,5
DA:51,1
DA:52,1
DA:53,1
DA:54,1
DA:55,1
DA:56,1
DA:59,0
DA:63,5
DA:64,1
DA:65,1
DA:66,1
DA:75,1
DA:76,1
DA:78,0
DA:80,1
DA:84,5
DA:85,0
DA:88,5
DA:173,0
DA:177,0
DA:253,1
LF:40
LH:35
BRDA:38,0,0,1
BRDA:53,1,0,1
BRDA:84,2,0,0
BRDA:95,3,0,2
BRDA:95,3,1,3
BRDA:161,4,0,1
BRDA:161,4,1,1
BRDA:168,5,0,0
BRDA:168,5,1,1
BRF:9
BRH:7
end_of_record
TN:
SF:src\services\QrCodeGenerator.tsx
FN:5,(anonymous_1)
FN:12,(anonymous_2)
FN:16,(anonymous_3)
FN:19,(anonymous_4)
FN:28,(anonymous_5)
FN:43,(anonymous_6)
FNF:6
FNH:6
FNDA:6,(anonymous_1)
FNDA:1,(anonymous_2)
FNDA:1,(anonymous_3)
FNDA:1,(anonymous_4)
FNDA:1,(anonymous_5)
FNDA:1,(anonymous_6)
DA:1,1
DA:2,1
DA:3,1
DA:5,1
DA:6,6
DA:7,6
DA:8,6
DA:9,6
DA:10,6
DA:12,6
DA:13,1
DA:16,6
DA:17,1
DA:18,1
DA:19,1
DA:20,1
DA:21,1
DA:24,1
DA:28,6
DA:29,1
DA:30,1
DA:31,1
DA:32,1
DA:33,1
DA:34,1
DA:35,1
DA:37,0
DA:38,0
DA:43,6
DA:44,1
DA:45,1
DA:46,1
DA:47,1
DA:48,1
DA:52,6
DA:98,1
LF:36
LH:34
BRDA:17,0,0,1
BRDA:17,1,0,1
BRDA:17,1,1,1
BRDA:20,2,0,1
BRDA:29,3,0,1
BRDA:44,4,0,1
BRDA:69,5,0,6
BRDA:69,5,1,3
BRDA:75,6,0,0
BRDA:75,6,1,6
BRDA:89,7,0,1
BRDA:89,7,1,5
BRDA:91,8,0,6
BRDA:91,8,1,1
BRF:14
BRH:13
end_of_record
TN:
SF:src\services\ShortUrl.tsx
FN:1,(anonymous_0)
FN:14,(anonymous_1)
FNF:2
FNH:2
FNDA:1,(anonymous_0)
FNDA:2,(anonymous_1)
DA:1,1
DA:3,1
DA:4,1
DA:5,1
DA:6,7
DA:7,7
DA:9,1
DA:12,1
DA:14,1
DA:15,2
DA:17,2
DA:26,2
DA:27,1
DA:30,1
LF:14
LH:14
BRDA:26,0,0,1
BRF:1
BRH:1
end_of_record
TN:
SF:src\services\useCustomDomains.tsx
FN:4,(anonymous_1)
FN:8,(anonymous_2)
FN:9,(anonymous_3)
FN:26,(anonymous_4)
FN:29,(anonymous_5)
FNF:5
FNH:5
FNDA:11,(anonymous_1)
FNDA:4,(anonymous_2)
FNDA:4,(anonymous_3)
FNDA:5,(anonymous_4)
FNDA:6,(anonymous_5)
DA:1,1
DA:2,1
DA:4,1
DA:5,11
DA:6,11
DA:8,11
DA:9,4
DA:10,4
DA:11,4
DA:14,3
DA:15,3
DA:18,1
DA:20,4
DA:23,4
DA:26,11
DA:27,5
DA:28,5
DA:29,6
DA:32,11
DA:38,1
LF:20
LH:20
BRDA:14,0,0,3
BRDA:27,1,0,0
BRF:2
BRH:1
end_of_record
